<?xml version="1.0" encoding="UTF-8"?>
<testng-results skipped="0" failed="0" ignored="0" total="1" passed="1">
  <reporter-output>
  </reporter-output>
  <suite name="Default suite" duration-ms="49421" started-at="2019-03-07T14:56:36Z" finished-at="2019-03-07T14:57:26Z">
    <groups>
    </groups>
    <test name="Default test" duration-ms="49421" started-at="2019-03-07T14:56:36Z" finished-at="2019-03-07T14:57:26Z">
      <class name="com.training.sanity.tests.TestCase15">
        <test-method status="PASS" signature="setUpBeforeClass()[pri:0, instance:com.training.sanity.tests.TestCase15@5c7fa833]" name="setUpBeforeClass" is-config="true" duration-ms="19" started-at="2019-03-07T20:26:36Z" finished-at="2019-03-07T20:26:37Z">
          <reporter-output>
          </reporter-output>
        </test-method> <!-- setUpBeforeClass -->
        <test-method status="PASS" signature="setUp()[pri:0, instance:com.training.sanity.tests.TestCase15@5c7fa833]" name="setUp" is-config="true" duration-ms="29386" started-at="2019-03-07T20:26:37Z" finished-at="2019-03-07T20:27:06Z">
          <reporter-output>
          </reporter-output>
        </test-method> <!-- setUp -->
        <test-method status="PASS" signature="TestDescription()[pri:0, instance:com.training.sanity.tests.TestCase15@5c7fa833]" name="TestDescription" duration-ms="17570" started-at="2019-03-07T20:27:06Z" finished-at="2019-03-07T20:27:23Z">
          <reporter-output>
          </reporter-output>
        </test-method> <!-- TestDescription -->
        <test-method status="PASS" signature="tearDown()[pri:0, instance:com.training.sanity.tests.TestCase15@5c7fa833]" name="tearDown" is-config="true" duration-ms="2410" started-at="2019-03-07T20:27:23Z" finished-at="2019-03-07T20:27:26Z">
          <reporter-output>
          </reporter-output>
        </test-method> <!-- tearDown -->
      </class> <!-- com.training.sanity.tests.TestCase15 -->
    </test> <!-- Default test -->
  </suite> <!-- Default suite -->
</testng-results>
