<?xml version="1.0" encoding="UTF-8"?>
<testng-results skipped="0" failed="0" ignored="0" total="1" passed="1">
  <reporter-output>
  </reporter-output>
  <suite name="Default suite" duration-ms="41430" started-at="2019-03-09T19:13:08Z" finished-at="2019-03-09T19:13:49Z">
    <groups>
    </groups>
    <test name="Default test" duration-ms="41430" started-at="2019-03-09T19:13:08Z" finished-at="2019-03-09T19:13:49Z">
      <class name="com.training.sanity.tests.TestCase45">
        <test-method status="PASS" signature="setUpBeforeClass()[pri:0, instance:com.training.sanity.tests.TestCase45@5c7fa833]" name="setUpBeforeClass" is-config="true" duration-ms="15" started-at="2019-03-10T00:43:08Z" finished-at="2019-03-10T00:43:08Z">
          <reporter-output>
          </reporter-output>
        </test-method> <!-- setUpBeforeClass -->
        <test-method status="PASS" signature="setUp()[pri:0, instance:com.training.sanity.tests.TestCase45@5c7fa833]" name="setUp" is-config="true" duration-ms="14684" started-at="2019-03-10T00:43:08Z" finished-at="2019-03-10T00:43:22Z">
          <reporter-output>
          </reporter-output>
        </test-method> <!-- setUp -->
        <test-method status="PASS" signature="TestDescription()[pri:0, instance:com.training.sanity.tests.TestCase45@5c7fa833]" name="TestDescription" duration-ms="24707" started-at="2019-03-10T00:43:22Z" finished-at="2019-03-10T00:43:47Z">
          <reporter-output>
          </reporter-output>
        </test-method> <!-- TestDescription -->
        <test-method status="PASS" signature="tearDown()[pri:0, instance:com.training.sanity.tests.TestCase45@5c7fa833]" name="tearDown" is-config="true" duration-ms="1997" started-at="2019-03-10T00:43:47Z" finished-at="2019-03-10T00:43:49Z">
          <reporter-output>
          </reporter-output>
        </test-method> <!-- tearDown -->
      </class> <!-- com.training.sanity.tests.TestCase45 -->
    </test> <!-- Default test -->
  </suite> <!-- Default suite -->
</testng-results>
